# JRE version: Java(TM) SE Runtime Environment (8.0_162-b12) (build 1.8.0_162-b12)
# Java VM: Java HotSpot(TM) 64-Bit Server VM (25.162-b12 mixed mode windows-amd64 compressed oops)
Heap:
 PSYoungGen      total 206336K, used 178158K [0x00000000d5d00000, 0x00000000e4c00000, 0x0000000100000000)
  eden space 196608K, 90% used [0x00000000d5d00000,0x00000000e0afb948,0x00000000e1d00000)
  from space 9728K, 0% used [0x00000000e2800000,0x00000000e2800000,0x00000000e3180000)
  to   space 11264K, 0% used [0x00000000e1d00000,0x00000000e1d00000,0x00000000e2800000)
 ParOldGen       total 77312K, used 14996K [0x0000000081600000, 0x0000000086180000, 0x00000000d5d00000)
  object space 77312K, 19% used [0x0000000081600000,0x00000000824a53d0,0x0000000086180000)
 Metaspace       used 45034K, capacity 46936K, committed 47152K, reserved 1089536K
  class space    used 5867K, capacity 6396K, committed 6448K, reserved 1048576K
GC Heap History (10 events):
Event: 8.198 GC heap before
{Heap before GC invocations=6 (full 1):
 PSYoungGen      total 71680K, used 5113K [0x00000000d5d00000, 0x00000000df000000, 0x0000000100000000)
  eden space 66560K, 0% used [0x00000000d5d00000,0x00000000d5d00000,0x00000000d9e00000)
  from space 5120K, 99% used [0x00000000d9e00000,0x00000000da2fe568,0x00000000da300000)
  to   space 8704K, 0% used [0x00000000de780000,0x00000000de780000,0x00000000df000000)
 ParOldGen       total 87552K, used 5646K [0x0000000081600000, 0x0000000086b80000, 0x00000000d5d00000)
  object space 87552K, 6% used [0x0000000081600000,0x0000000081b83898,0x0000000086b80000)
 Metaspace       used 20676K, capacity 21240K, committed 21296K, reserved 1067008K
  class space    used 2669K, capacity 2848K, committed 2864K, reserved 1048576K
Event: 8.268 GC heap after
Heap after GC invocations=6 (full 1):
 PSYoungGen      total 71680K, used 0K [0x00000000d5d00000, 0x00000000df000000, 0x0000000100000000)
  eden space 66560K, 0% used [0x00000000d5d00000,0x00000000d5d00000,0x00000000d9e00000)
  from space 5120K, 0% used [0x00000000d9e00000,0x00000000d9e00000,0x00000000da300000)
  to   space 8704K, 0% used [0x00000000de780000,0x00000000de780000,0x00000000df000000)
 ParOldGen       total 52736K, used 8036K [0x0000000081600000, 0x0000000084980000, 0x00000000d5d00000)
  object space 52736K, 15% used [0x0000000081600000,0x0000000081dd9358,0x0000000084980000)
 Metaspace       used 20676K, capacity 21240K, committed 21296K, reserved 1067008K
  class space    used 2669K, capacity 2848K, committed 2864K, reserved 1048576K
}
Event: 11.358 GC heap before
{Heap before GC invocations=7 (full 1):
 PSYoungGen      total 71680K, used 66560K [0x00000000d5d00000, 0x00000000df000000, 0x0000000100000000)
  eden space 66560K, 100% used [0x00000000d5d00000,0x00000000d9e00000,0x00000000d9e00000)
  from space 5120K, 0% used [0x00000000d9e00000,0x00000000d9e00000,0x00000000da300000)
  to   space 8704K, 0% used [0x00000000de780000,0x00000000de780000,0x00000000df000000)
 ParOldGen       total 52736K, used 8036K [0x0000000081600000, 0x0000000084980000, 0x00000000d5d00000)
  object space 52736K, 15% used [0x0000000081600000,0x0000000081dd9358,0x0000000084980000)
 Metaspace       used 26715K, capacity 27556K, committed 27824K, reserved 1073152K
  class space    used 3470K, capacity 3680K, committed 3760K, reserved 1048576K
Event: 11.373 GC heap after
Heap after GC invocations=7 (full 1):
 PSYoungGen      total 122368K, used 5784K [0x00000000d5d00000, 0x00000000ded80000, 0x0000000100000000)
  eden space 116224K, 0% used [0x00000000d5d00000,0x00000000d5d00000,0x00000000dce80000)
  from space 6144K, 94% used [0x00000000de780000,0x00000000ded261f8,0x00000000ded80000)
  to   space 8704K, 0% used [0x00000000ddc80000,0x00000000ddc80000,0x00000000de500000)
 ParOldGen       total 52736K, used 8108K [0x0000000081600000, 0x0000000084980000, 0x00000000d5d00000)
  object space 52736K, 15% used [0x0000000081600000,0x0000000081deb368,0x0000000084980000)
 Metaspace       used 26715K, capacity 27556K, committed 27824K, reserved 1073152K
  class space    used 3470K, capacity 3680K, committed 3760K, reserved 1048576K
}
Event: 13.004 GC heap before
{Heap before GC invocations=8 (full 1):
 PSYoungGen      total 122368K, used 122008K [0x00000000d5d00000, 0x00000000ded80000, 0x0000000100000000)
  eden space 116224K, 100% used [0x00000000d5d00000,0x00000000dce80000,0x00000000dce80000)
  from space 6144K, 94% used [0x00000000de780000,0x00000000ded261f8,0x00000000ded80000)
  to   space 8704K, 0% used [0x00000000ddc80000,0x00000000ddc80000,0x00000000de500000)
 ParOldGen       total 52736K, used 8108K [0x0000000081600000, 0x0000000084980000, 0x00000000d5d00000)
  object space 52736K, 15% used [0x0000000081600000,0x0000000081deb368,0x0000000084980000)
 Metaspace       used 30311K, capacity 31324K, committed 31536K, reserved 1077248K
  class space    used 3916K, capacity 4140K, committed 4144K, reserved 1048576K
Event: 13.018 GC heap after
Heap after GC invocations=8 (full 1):
 PSYoungGen      total 139264K, used 8695K [0x00000000d5d00000, 0x00000000e3180000, 0x0000000100000000)
  eden space 130560K, 0% used [0x00000000d5d00000,0x00000000d5d00000,0x00000000ddc80000)
  from space 8704K, 99% used [0x00000000ddc80000,0x00000000de4fde30,0x00000000de500000)
  to   space 9728K, 0% used [0x00000000e2800000,0x00000000e2800000,0x00000000e3180000)
 ParOldGen       total 52736K, used 8315K [0x0000000081600000, 0x0000000084980000, 0x00000000d5d00000)
  object space 52736K, 15% used [0x0000000081600000,0x0000000081e1ee28,0x0000000084980000)
 Metaspace       used 30311K, capacity 31324K, committed 31536K, reserved 1077248K
  class space    used 3916K, capacity 4140K, committed 4144K, reserved 1048576K
}
Event: 14.340 GC heap before
{Heap before GC invocations=9 (full 1):
 PSYoungGen      total 139264K, used 93419K [0x00000000d5d00000, 0x00000000e3180000, 0x0000000100000000)
  eden space 130560K, 64% used [0x00000000d5d00000,0x00000000dafbd100,0x00000000ddc80000)
  from space 8704K, 99% used [0x00000000ddc80000,0x00000000de4fde30,0x00000000de500000)
  to   space 9728K, 0% used [0x00000000e2800000,0x00000000e2800000,0x00000000e3180000)
 ParOldGen       total 52736K, used 8315K [0x0000000081600000, 0x0000000084980000, 0x00000000d5d00000)
  object space 52736K, 15% used [0x0000000081600000,0x0000000081e1ee28,0x0000000084980000)
 Metaspace       used 34219K, capacity 35402K, committed 35496K, reserved 1081344K
  class space    used 4394K, capacity 4643K, committed 4656K, reserved 1048576K
Event: 14.366 GC heap after
Heap after GC invocations=9 (full 1):
 PSYoungGen      total 206336K, used 9703K [0x00000000d5d00000, 0x00000000e4c00000, 0x0000000100000000)
  eden space 196608K, 0% used [0x00000000d5d00000,0x00000000d5d00000,0x00000000e1d00000)
  from space 9728K, 99% used [0x00000000e2800000,0x00000000e3179fa0,0x00000000e3180000)
  to   space 11264K, 0% used [0x00000000e1d00000,0x00000000e1d00000,0x00000000e2800000)
 ParOldGen       total 52736K, used 9178K [0x0000000081600000, 0x0000000084980000, 0x00000000d5d00000)
  object space 52736K, 17% used [0x0000000081600000,0x0000000081ef6b40,0x0000000084980000)
 Metaspace       used 34219K, capacity 35402K, committed 35496K, reserved 1081344K
  class space    used 4394K, capacity 4643K, committed 4656K, reserved 1048576K
}
Event: 14.366 GC heap before
{Heap before GC invocations=10 (full 2):
 PSYoungGen      total 206336K, used 9703K [0x00000000d5d00000, 0x00000000e4c00000, 0x0000000100000000)
  eden space 196608K, 0% used [0x00000000d5d00000,0x00000000d5d00000,0x00000000e1d00000)
  from space 9728K, 99% used [0x00000000e2800000,0x00000000e3179fa0,0x00000000e3180000)
  to   space 11264K, 0% used [0x00000000e1d00000,0x00000000e1d00000,0x00000000e2800000)
 ParOldGen       total 52736K, used 9178K [0x0000000081600000, 0x0000000084980000, 0x00000000d5d00000)
  object space 52736K, 17% used [0x0000000081600000,0x0000000081ef6b40,0x0000000084980000)
 Metaspace       used 34219K, capacity 35402K, committed 35496K, reserved 1081344K
  class space    used 4394K, capacity 4643K, committed 4656K, reserved 1048576K
Event: 14.512 GC heap after
Heap after GC invocations=10 (full 2):
 PSYoungGen      total 206336K, used 0K [0x00000000d5d00000, 0x00000000e4c00000, 0x0000000100000000)
  eden space 196608K, 0% used [0x00000000d5d00000,0x00000000d5d00000,0x00000000e1d00000)
  from space 9728K, 0% used [0x00000000e2800000,0x00000000e2800000,0x00000000e3180000)
  to   space 11264K, 0% used [0x00000000e1d00000,0x00000000e1d00000,0x00000000e2800000)
 ParOldGen       total 77312K, used 14996K [0x0000000081600000, 0x0000000086180000, 0x00000000d5d00000)
  object space 77312K, 19% used [0x0000000081600000,0x00000000824a53d0,0x0000000086180000)
 Metaspace       used 34219K, capacity 35402K, committed 35496K, reserved 1081344K
  class space    used 4394K, capacity 4643K, committed 4656K, reserved 1048576K
}

